/home/max/.config/bspwm/bspwmrc: line 90: /usr/lib/polkit-gnome/polkit-gnome-authentication-agent-1: No such file or directory
Xlib: ignoring invalid extension event 161
Xlib: ignoring invalid extension event 161
/home/max/.config/bspwm/rices/pamela/Theme.sh: line 101: eww: command not found
/home/max/.config/bspwm/bspwmrc: line 90: /usr/lib/polkit-gnome/polkit-gnome-authentication-agent-1: No such file or directory
Xlib: ignoring invalid extension event 161
Xlib: ignoring invalid extension event 161

(process:1421): GLib-CRITICAL **: 13:15:28.331: g_string_insert_len: assertion 'len == 0 || val != NULL' failed
Xlib: ignoring invalid extension event 161
Xlib: ignoring invalid extension event 161
Xlib: ignoring invalid extension event 161
Xlib: ignoring invalid extension event 161
Xlib: ignoring invalid extension event 161
Xlib: ignoring invalid extension event 161
Xlib: ignoring invalid extension event 161
Xlib: ignoring invalid extension event 161
Xlib: ignoring invalid extension event 161
Xlib: ignoring invalid extension event 161
Xlib: ignoring invalid extension event 161
Xlib: ignoring invalid extension event 161
Xlib: ignoring invalid extension event 161
Xlib: ignoring invalid extension event 161
Xlib: ignoring invalid extension event 161
Xlib: ignoring invalid extension event 161
Xlib: ignoring invalid extension event 161
Xlib: ignoring invalid extension event 161
Xlib: ignoring invalid extension event 161
Xlib: ignoring invalid extension event 161
Xlib: ignoring invalid extension event 161
Xlib: ignoring invalid extension event 161
Xlib: ignoring invalid extension event 161
Xlib: ignoring invalid extension event 161
Xlib: ignoring invalid extension event 161
Xlib: ignoring invalid extension event 161
Xlib: ignoring invalid extension event 161
Xlib: ignoring invalid extension event 161
Xlib: ignoring invalid extension event 161
Xlib: ignoring invalid extension event 161
Xlib: ignoring invalid extension event 161
Xlib: ignoring invalid extension event 161
Xlib: ignoring invalid extension event 161
Xlib: ignoring invalid extension event 161
Xlib: ignoring invalid extension event 161
Xlib: ignoring invalid extension event 161
Xlib: ignoring invalid extension event 161
Xlib: ignoring invalid extension event 161
Xlib: ignoring invalid extension event 161
Xlib: ignoring invalid extension event 161
Xlib: ignoring invalid extension event 161
Xlib: ignoring invalid extension event 161
Xlib: ignoring invalid extension event 161
Xlib: ignoring invalid extension event 161
/home/max/.config/bspwm/rices/pamela/Theme.sh: line 101: eww: command not found
polybar|error: Uncaught exception, shutting down: Undefined bar: pam3. Available bars: pam1, pam2, pam5, pam6, pam7
polybar|error: Uncaught exception, shutting down: Undefined bar: pam4. Available bars: pam1, pam2, pam5, pam6, pam7
/home/max/.config/bspwm/bspwmrc: line 90: /usr/lib/polkit-gnome/polkit-gnome-authentication-agent-1: No such file or directory
Xlib: ignoring invalid extension event 161
Xlib: ignoring invalid extension event 161
/home/max/.config/bspwm/rices/pamela/Theme.sh: line 101: eww: command not found
polybar|error: Uncaught exception, shutting down: Undefined bar: pam3. Available bars: pam1, pam2, pam5, pam6, pam7
polybar|error: Uncaught exception, shutting down: Undefined bar: pam4. Available bars: pam1, pam2, pam5, pam6, pam7
/home/max/.config/bspwm/bspwmrc: line 90: /usr/lib/polkit-gnome/polkit-gnome-authentication-agent-1: No such file or directory
warning: output eDP not found; ignoring
warning: output HDMI-A-0 not found; ignoring
query -m: Invalid descriptor found in 'eDP'.
monitor: Invalid descriptor found in 'HDMI-A-0'.
query -m: Invalid descriptor found in 'HDMI-A-0'.
desktop: Invalid descriptor found in 'Desktop'.
monitor: Invalid descriptor found in 'eDP'.
Xlib: ignoring invalid extension event 161
Xlib: ignoring invalid extension event 161
Xlib: ignoring invalid extension event 161
Xlib: ignoring invalid extension event 161
Xlib: ignoring invalid extension event 161
Xlib: ignoring invalid extension event 161
Xlib: ignoring invalid extension event 161
Xlib: ignoring invalid extension event 161
Xlib: ignoring invalid extension event 161
Xlib: ignoring invalid extension event 161
Xlib: ignoring invalid extension event 161
Xlib: ignoring invalid extension event 161
Xlib: ignoring invalid extension event 161
Xlib: ignoring invalid extension event 161
Xlib: ignoring invalid extension event 161
Xlib: ignoring invalid extension event 161
Xlib: ignoring invalid extension event 161
Xlib: ignoring invalid extension event 161
Xlib: ignoring invalid extension event 161
Xlib: ignoring invalid extension event 161
Xlib: ignoring invalid extension event 161
Xlib: ignoring invalid extension event 161
Xlib: ignoring invalid extension event 161
Xlib: ignoring invalid extension event 161
Xlib: ignoring invalid extension event 161
Xlib: ignoring invalid extension event 161
Xlib: ignoring invalid extension event 161
Xlib: ignoring invalid extension event 161
Xlib: ignoring invalid extension event 161
Xlib: ignoring invalid extension event 161
Xlib: ignoring invalid extension event 161
Xlib: ignoring invalid extension event 161
Xlib: ignoring invalid extension event 161
Xlib: ignoring invalid extension event 161
Xlib: ignoring invalid extension event 161
Xlib: ignoring invalid extension event 161
Xlib: ignoring invalid extension event 161
Xlib: ignoring invalid extension event 161
Xlib: ignoring invalid extension event 161
Xlib: ignoring invalid extension event 161
Xlib: ignoring invalid extension event 161
Xlib: ignoring invalid extension event 161
Xlib: ignoring invalid extension event 161
Xlib: ignoring invalid extension event 161
Xlib: ignoring invalid extension event 161
Xlib: ignoring invalid extension event 161
Xlib: ignoring invalid extension event 161
Xlib: ignoring invalid extension event 161
Xlib: ignoring invalid extension event 161
Xlib: ignoring invalid extension event 161
Xlib: ignoring invalid extension event 161
Xlib: ignoring invalid extension event 161
Xlib: ignoring invalid extension event 161
Xlib: ignoring invalid extension event 161
Xlib: ignoring invalid extension event 161
Xlib: ignoring invalid extension event 161
Xlib: ignoring invalid extension event 161
Xlib: ignoring invalid extension event 161
Xlib: ignoring invalid extension event 161
Xlib: ignoring invalid extension event 161
Xlib: ignoring invalid extension event 161
Xlib: ignoring invalid extension event 161
Xlib: ignoring invalid extension event 161
Xlib: ignoring invalid extension event 161
Xlib: ignoring invalid extension event 161
Xlib: ignoring invalid extension event 161
Xlib: ignoring invalid extension event 161
Xlib: ignoring invalid extension event 161
Xlib: ignoring invalid extension event 161
Xlib: ignoring invalid extension event 161
Xlib: ignoring invalid extension event 161
Xlib: ignoring invalid extension event 161
Xlib: ignoring invalid extension event 161
Xlib: ignoring invalid extension event 161
Xlib: ignoring invalid extension event 161
Xlib: ignoring invalid extension event 161
Xlib: ignoring invalid extension event 161
Xlib: ignoring invalid extension event 161
Xlib: ignoring invalid extension event 161
Xlib: ignoring invalid extension event 161
Xlib: ignoring invalid extension event 161
Xlib: ignoring invalid extension event 161
Xlib: ignoring invalid extension event 161
Xlib: ignoring invalid extension event 161
Xlib: ignoring invalid extension event 161
Xlib: ignoring invalid extension event 161
Xlib: ignoring invalid extension event 161
Xlib: ignoring invalid extension event 161
Xlib: ignoring invalid extension event 161
Xlib: ignoring invalid extension event 161
Xlib: ignoring invalid extension event 161
Xlib: ignoring invalid extension event 161
Xlib: ignoring invalid extension event 161
Xlib: ignoring invalid extension event 161
Xlib: ignoring invalid extension event 161
Xlib: ignoring invalid extension event 161
Xlib: ignoring invalid extension event 161
Xlib: ignoring invalid extension event 161
Xlib: ignoring invalid extension event 161
Xlib: ignoring invalid extension event 161
Xlib: ignoring invalid extension event 161
Xlib: ignoring invalid extension event 161
Xlib: ignoring invalid extension event 161
Xlib: ignoring invalid extension event 161
Xlib: ignoring invalid extension event 161
Xlib: ignoring invalid extension event 161
Xlib: ignoring invalid extension event 161
Xlib: ignoring invalid extension event 161
Xlib: ignoring invalid extension event 161
Xlib: ignoring invalid extension event 161
Xlib: ignoring invalid extension event 161
Xlib: ignoring invalid extension event 161
Xlib: ignoring invalid extension event 161
Xlib: ignoring invalid extension event 161
Xlib: ignoring invalid extension event 161
Xlib: ignoring invalid extension event 161
Xlib: ignoring invalid extension event 161
Xlib: ignoring invalid extension event 161
Xlib: ignoring invalid extension event 161
Xlib: ignoring invalid extension event 161
Xlib: ignoring invalid extension event 161
Xlib: ignoring invalid extension event 161
Xlib: ignoring invalid extension event 161
Xlib: ignoring invalid extension event 161
Xlib: ignoring invalid extension event 161
Xlib: ignoring invalid extension event 161
Xlib: ignoring invalid extension event 161
Xlib: ignoring invalid extension event 161
Xlib: ignoring invalid extension event 161
Xlib: ignoring invalid extension event 161
Xlib: ignoring invalid extension event 161
Xlib: ignoring invalid extension event 161
Xlib: ignoring invalid extension event 161
Xlib: ignoring invalid extension event 161
Xlib: ignoring invalid extension event 161
Xlib: ignoring invalid extension event 161
Xlib: ignoring invalid extension event 161
Xlib: ignoring invalid extension event 161
Xlib: ignoring invalid extension event 161
Xlib: ignoring invalid extension event 161
Xlib: ignoring invalid extension event 161
Xlib: ignoring invalid extension event 161
Xlib: ignoring invalid extension event 161
Xlib: ignoring invalid extension event 161
Xlib: ignoring invalid extension event 161
Xlib: ignoring invalid extension event 161
Xlib: ignoring invalid extension event 161
Xlib: ignoring invalid extension event 161
Xlib: ignoring invalid extension event 161
Xlib: ignoring invalid extension event 161
Xlib: ignoring invalid extension event 161
Xlib: ignoring invalid extension event 161
Xlib: ignoring invalid extension event 161
Xlib: ignoring invalid extension event 161
Xlib: ignoring invalid extension event 161
Xlib: ignoring invalid extension event 161
Xlib: ignoring invalid extension event 161
Xlib: ignoring invalid extension event 161
Xlib: ignoring invalid extension event 161
Xlib: ignoring invalid extension event 161
Xlib: ignoring invalid extension event 161
Xlib: ignoring invalid extension event 161
Xlib: ignoring invalid extension event 161
Xlib: ignoring invalid extension event 161
Xlib: ignoring invalid extension event 161
Xlib: ignoring invalid extension event 161
Xlib: ignoring invalid extension event 161
Xlib: ignoring invalid extension event 161
Xlib: ignoring invalid extension event 161
Xlib: ignoring invalid extension event 161
Xlib: ignoring invalid extension event 161
Xlib: ignoring invalid extension event 161
Xlib: ignoring invalid extension event 161
Xlib: ignoring invalid extension event 161
Xlib: ignoring invalid extension event 161
Xlib: ignoring invalid extension event 161
Xlib: ignoring invalid extension event 161
Xlib: ignoring invalid extension event 161
Xlib: ignoring invalid extension event 161
Xlib: ignoring invalid extension event 161
Xlib: ignoring invalid extension event 161
Xlib: ignoring invalid extension event 161
Xlib: ignoring invalid extension event 161
Xlib: ignoring invalid extension event 161
Xlib: ignoring invalid extension event 161
Xlib: ignoring invalid extension event 161
Xlib: ignoring invalid extension event 161
Xlib: ignoring invalid extension event 161
Xlib: ignoring invalid extension event 161
Xlib: ignoring invalid extension event 161
Maximum number of clients reached
thread 'main' panicked at 'Failed to initialize any backend! Wayland status: NoCompositorListening X11 status: XOpenDisplayFailed', /build/.cargo/registry/src/index.crates.io-6f17d22bba15001f/winit-0.28.6/src/platform_impl/linux/mod.rs:757:9
note: run with `RUST_BACKTRACE=1` environment variable to display a backtrace
Maximum number of clients reached
thread 'main' panicked at 'Failed to initialize any backend! Wayland status: NoCompositorListening X11 status: XOpenDisplayFailed', /build/.cargo/registry/src/index.crates.io-6f17d22bba15001f/winit-0.28.6/src/platform_impl/linux/mod.rs:757:9
note: run with `RUST_BACKTRACE=1` environment variable to display a backtrace
Xlib: ignoring invalid extension event 161
Xlib: ignoring invalid extension event 161
Xlib: ignoring invalid extension event 161
Xlib: ignoring invalid extension event 161
Maximum number of clients reached
thread 'main' panicked at 'Failed to initialize any backend! Wayland status: NoCompositorListening X11 status: XOpenDisplayFailed', /build/.cargo/registry/src/index.crates.io-6f17d22bba15001f/winit-0.28.6/src/platform_impl/linux/mod.rs:757:9
note: run with `RUST_BACKTRACE=1` environment variable to display a backtrace
Maximum number of clients reached
thread 'main' panicked at 'Failed to initialize any backend! Wayland status: NoCompositorListening X11 status: XOpenDisplayFailed', /build/.cargo/registry/src/index.crates.io-6f17d22bba15001f/winit-0.28.6/src/platform_impl/linux/mod.rs:757:9
note: run with `RUST_BACKTRACE=1` environment variable to display a backtrace
Maximum number of clients reached
thread 'main' panicked at 'Failed to initialize any backend! Wayland status: NoCompositorListening X11 status: XOpenDisplayFailed', /build/.cargo/registry/src/index.crates.io-6f17d22bba15001f/winit-0.28.6/src/platform_impl/linux/mod.rs:757:9
note: run with `RUST_BACKTRACE=1` environment variable to display a backtrace
Maximum number of clients reached
thread 'main' panicked at 'Failed to initialize any backend! Wayland status: NoCompositorListening X11 status: XOpenDisplayFailed', /build/.cargo/registry/src/index.crates.io-6f17d22bba15001f/winit-0.28.6/src/platform_impl/linux/mod.rs:757:9
note: run with `RUST_BACKTRACE=1` environment variable to display a backtrace
Maximum number of clients reached
thread 'main' panicked at 'Failed to initialize any backend! Wayland status: NoCompositorListening X11 status: XOpenDisplayFailed', /build/.cargo/registry/src/index.crates.io-6f17d22bba15001f/winit-0.28.6/src/platform_impl/linux/mod.rs:757:9
note: run with `RUST_BACKTRACE=1` environment variable to display a backtrace
Maximum number of clients reached
thread 'main' panicked at 'Failed to initialize any backend! Wayland status: NoCompositorListening X11 status: XOpenDisplayFailed', /build/.cargo/registry/src/index.crates.io-6f17d22bba15001f/winit-0.28.6/src/platform_impl/linux/mod.rs:757:9
note: run with `RUST_BACKTRACE=1` environment variable to display a backtrace
Maximum number of clients reached
thread 'main' panicked at 'Failed to initialize any backend! Wayland status: NoCompositorListening X11 status: XOpenDisplayFailed', /build/.cargo/registry/src/index.crates.io-6f17d22bba15001f/winit-0.28.6/src/platform_impl/linux/mod.rs:757:9
note: run with `RUST_BACKTRACE=1` environment variable to display a backtrace
Maximum number of clients reached
thread 'main' panicked at 'Failed to initialize any backend! Wayland status: NoCompositorListening X11 status: XOpenDisplayFailed', /build/.cargo/registry/src/index.crates.io-6f17d22bba15001f/winit-0.28.6/src/platform_impl/linux/mod.rs:757:9
note: run with `RUST_BACKTRACE=1` environment variable to display a backtrace
Maximum number of clients reached
thread 'main' panicked at 'Failed to initialize any backend! Wayland status: NoCompositorListening X11 status: XOpenDisplayFailed', /build/.cargo/registry/src/index.crates.io-6f17d22bba15001f/winit-0.28.6/src/platform_impl/linux/mod.rs:757:9
note: run with `RUST_BACKTRACE=1` environment variable to display a backtrace
Maximum number of clients reached
thread 'main' panicked at 'Failed to initialize any backend! Wayland status: NoCompositorListening X11 status: XOpenDisplayFailed', /build/.cargo/registry/src/index.crates.io-6f17d22bba15001f/winit-0.28.6/src/platform_impl/linux/mod.rs:757:9
note: run with `RUST_BACKTRACE=1` environment variable to display a backtrace
Maximum number of clients reached
thread 'main' panicked at 'Failed to initialize any backend! Wayland status: NoCompositorListening X11 status: XOpenDisplayFailed', /build/.cargo/registry/src/index.crates.io-6f17d22bba15001f/winit-0.28.6/src/platform_impl/linux/mod.rs:757:9
note: run with `RUST_BACKTRACE=1` environment variable to display a backtrace
Maximum number of clients reached
thread 'main' panicked at 'Failed to initialize any backend! Wayland status: NoCompositorListening X11 status: XOpenDisplayFailed', /build/.cargo/registry/src/index.crates.io-6f17d22bba15001f/winit-0.28.6/src/platform_impl/linux/mod.rs:757:9
note: run with `RUST_BACKTRACE=1` environment variable to display a backtrace
Maximum number of clients reached
thread 'main' panicked at 'Failed to initialize any backend! Wayland status: NoCompositorListening X11 status: XOpenDisplayFailed', /build/.cargo/registry/src/index.crates.io-6f17d22bba15001f/winit-0.28.6/src/platform_impl/linux/mod.rs:757:9
note: run with `RUST_BACKTRACE=1` environment variable to display a backtrace
Maximum number of clients reached
thread 'main' panicked at 'Failed to initialize any backend! Wayland status: NoCompositorListening X11 status: XOpenDisplayFailed', /build/.cargo/registry/src/index.crates.io-6f17d22bba15001f/winit-0.28.6/src/platform_impl/linux/mod.rs:757:9
note: run with `RUST_BACKTRACE=1` environment variable to display a backtrace
Maximum number of clients reached
thread 'main' panicked at 'Failed to initialize any backend! Wayland status: NoCompositorListening X11 status: XOpenDisplayFailed', /build/.cargo/registry/src/index.crates.io-6f17d22bba15001f/winit-0.28.6/src/platform_impl/linux/mod.rs:757:9
note: run with `RUST_BACKTRACE=1` environment variable to display a backtrace
Maximum number of clients reached
thread 'main' panicked at 'Failed to initialize any backend! Wayland status: NoCompositorListening X11 status: XOpenDisplayFailed', /build/.cargo/registry/src/index.crates.io-6f17d22bba15001f/winit-0.28.6/src/platform_impl/linux/mod.rs:757:9
note: run with `RUST_BACKTRACE=1` environment variable to display a backtrace
Maximum number of clients reached
thread 'main' panicked at 'Failed to initialize any backend! Wayland status: NoCompositorListening X11 status: XOpenDisplayFailed', /build/.cargo/registry/src/index.crates.io-6f17d22bba15001f/winit-0.28.6/src/platform_impl/linux/mod.rs:757:9
note: run with `RUST_BACKTRACE=1` environment variable to display a backtrace
Maximum number of clients reached
thread 'main' panicked at 'Failed to initialize any backend! Wayland status: NoCompositorListening X11 status: XOpenDisplayFailed', /build/.cargo/registry/src/index.crates.io-6f17d22bba15001f/winit-0.28.6/src/platform_impl/linux/mod.rs:757:9
note: run with `RUST_BACKTRACE=1` environment variable to display a backtrace
Maximum number of clients reached
thread 'main' panicked at 'Failed to initialize any backend! Wayland status: NoCompositorListening X11 status: XOpenDisplayFailed', /build/.cargo/registry/src/index.crates.io-6f17d22bba15001f/winit-0.28.6/src/platform_impl/linux/mod.rs:757:9
note: run with `RUST_BACKTRACE=1` environment variable to display a backtrace
Maximum number of clients reached
thread 'main' panicked at 'Failed to initialize any backend! Wayland status: NoCompositorListening X11 status: XOpenDisplayFailed', /build/.cargo/registry/src/index.crates.io-6f17d22bba15001f/winit-0.28.6/src/platform_impl/linux/mod.rs:757:9
note: run with `RUST_BACKTRACE=1` environment variable to display a backtrace
Maximum number of clients reached
thread 'main' panicked at 'Failed to initialize any backend! Wayland status: NoCompositorListening X11 status: XOpenDisplayFailed', /build/.cargo/registry/src/index.crates.io-6f17d22bba15001f/winit-0.28.6/src/platform_impl/linux/mod.rs:757:9
note: run with `RUST_BACKTRACE=1` environment variable to display a backtrace
Maximum number of clients reached
thread 'main' panicked at 'Failed to initialize any backend! Wayland status: NoCompositorListening X11 status: XOpenDisplayFailed', /build/.cargo/registry/src/index.crates.io-6f17d22bba15001f/winit-0.28.6/src/platform_impl/linux/mod.rs:757:9
note: run with `RUST_BACKTRACE=1` environment variable to display a backtrace
Maximum number of clients reached
thread 'main' panicked at 'Failed to initialize any backend! Wayland status: NoCompositorListening X11 status: XOpenDisplayFailed', /build/.cargo/registry/src/index.crates.io-6f17d22bba15001f/winit-0.28.6/src/platform_impl/linux/mod.rs:757:9
note: run with `RUST_BACKTRACE=1` environment variable to display a backtrace
Maximum number of clients reached
thread 'main' panicked at 'Failed to initialize any backend! Wayland status: NoCompositorListening X11 status: XOpenDisplayFailed', /build/.cargo/registry/src/index.crates.io-6f17d22bba15001f/winit-0.28.6/src/platform_impl/linux/mod.rs:757:9
note: run with `RUST_BACKTRACE=1` environment variable to display a backtrace
Xlib: ignoring invalid extension event 161
Xlib: ignoring invalid extension event 161
Xlib: ignoring invalid extension event 161
Xlib: ignoring invalid extension event 161
Terminated
[ 2023-07-04 13:18:40.764 win_bind_pixmap ERROR ] Failed to get named pixmap for window 0x11a00002(max@max-nitroan51555 ~)
[ 2023-07-04 13:18:40.764 win_bind_pixmap ERROR ] Failed to get named pixmap for window 0x11000002(max@max-nitroan51555 ~)
[ 2023-07-04 13:18:40.764 win_bind_pixmap ERROR ] Failed to get named pixmap for window 0x10600002(max@max-nitroan51555 ~)
[ 2023-07-04 13:18:40.767 win_bind_pixmap ERROR ] Failed to get named pixmap for window 0x0e800002(max@max-nitroan51555 ~)
[ 2023-07-04 13:18:40.770 win_bind_pixmap ERROR ] Failed to get named pixmap for window 0x0ca00002(max@max-nitroan51555 ~)
[ 2023-07-04 13:18:40.776 win_bind_pixmap ERROR ] Failed to get named pixmap for window 0x0a200002(max@max-nitroan51555 ~)
[ 2023-07-04 13:18:40.776 win_bind_pixmap ERROR ] Failed to get named pixmap for window 0x09800002(max@max-nitroan51555 ~)
[ 2023-07-04 13:18:40.777 win_bind_pixmap ERROR ] Failed to get named pixmap for window 0x08e00002(max@max-nitroan51555 ~)
/home/max/.config/bspwm/rices/pamela/Theme.sh: line 101: eww: command not found
polybar|error: Uncaught exception, shutting down: Undefined bar: pam4. Available bars: pam1, pam2, pam5, pam6, pam7
polybar|error: Uncaught exception, shutting down: Undefined bar: pam3. Available bars: pam1, pam2, pam5, pam6, pam7
/home/max/.config/bspwm/bspwmrc: line 90: /usr/lib/polkit-gnome/polkit-gnome-authentication-agent-1: No such file or directory
warning: output eDP not found; ignoring
warning: output HDMI-A-0 not found; ignoring
query -m: Invalid descriptor found in 'eDP'.
monitor: Invalid descriptor found in 'HDMI-A-0'.
query -m: Invalid descriptor found in 'HDMI-A-0'.
desktop: Invalid descriptor found in 'Desktop'.
monitor: Invalid descriptor found in 'eDP'.
Xlib: ignoring invalid extension event 161
Xlib: ignoring invalid extension event 161

(process:8143): GLib-CRITICAL **: 13:19:08.621: g_string_insert_len: assertion 'len == 0 || val != NULL' failed
Xlib: ignoring invalid extension event 161
Xlib: ignoring invalid extension event 161
Xlib: ignoring invalid extension event 161
Xlib: ignoring invalid extension event 161
Xlib: ignoring invalid extension event 161
Xlib: ignoring invalid extension event 161
Xlib: ignoring invalid extension event 161
Xlib: ignoring invalid extension event 161
Xlib: ignoring invalid extension event 161
Xlib: ignoring invalid extension event 161
Xlib: ignoring invalid extension event 161
Xlib: ignoring invalid extension event 161
Xlib: ignoring invalid extension event 161
Xlib: ignoring invalid extension event 161
Xlib: ignoring invalid extension event 161
Xlib: ignoring invalid extension event 161
Xlib: ignoring invalid extension event 161
Xlib: ignoring invalid extension event 161
Xlib: ignoring invalid extension event 161
Xlib: ignoring invalid extension event 161
Xlib: ignoring invalid extension event 161
Xlib: ignoring invalid extension event 161
Xlib: ignoring invalid extension event 161
Xlib: ignoring invalid extension event 161
Xlib: ignoring invalid extension event 161
Xlib: ignoring invalid extension event 161
Xlib: ignoring invalid extension event 161
Xlib: ignoring invalid extension event 161
Xlib: ignoring invalid extension event 161
Xlib: ignoring invalid extension event 161
Xlib: ignoring invalid extension event 161
Xlib: ignoring invalid extension event 161
Xlib: ignoring invalid extension event 161
Xlib: ignoring invalid extension event 161
Xlib: ignoring invalid extension event 161
Xlib: ignoring invalid extension event 161
Xlib: ignoring invalid extension event 161
Xlib: ignoring invalid extension event 161
Xlib: ignoring invalid extension event 146
Xlib: ignoring invalid extension event 146
Xlib: ignoring invalid extension event 146
Xlib: ignoring invalid extension event 146

(process:8205): GLib-CRITICAL **: 13:19:18.327: g_string_insert_len: assertion 'len == 0 || val != NULL' failed
Xlib: ignoring invalid extension event 161
Xlib: ignoring invalid extension event 161
Xlib: ignoring invalid extension event 161
Xlib: ignoring invalid extension event 161
Xlib: ignoring invalid extension event 161
Xlib: ignoring invalid extension event 161
Xlib: ignoring invalid extension event 161
Xlib: ignoring invalid extension event 161
Xlib: ignoring invalid extension event 161
Xlib: ignoring invalid extension event 161
Xlib: ignoring invalid extension event 161
Xlib: ignoring invalid extension event 161
Xlib: ignoring invalid extension event 161
Xlib: ignoring invalid extension event 161
Xlib: ignoring invalid extension event 161
Xlib: ignoring invalid extension event 161
Xlib: ignoring invalid extension event 161
Xlib: ignoring invalid extension event 161
Xlib: ignoring invalid extension event 161
Xlib: ignoring invalid extension event 161
Xlib: ignoring invalid extension event 161
Xlib: ignoring invalid extension event 161
Xlib: ignoring invalid extension event 161
Xlib: ignoring invalid extension event 161
Xlib: ignoring invalid extension event 161
Xlib: ignoring invalid extension event 161
Xlib: ignoring invalid extension event 161
Xlib: ignoring invalid extension event 161
Xlib: ignoring invalid extension event 161
Xlib: ignoring invalid extension event 161
Xlib: ignoring invalid extension event 161
Xlib: ignoring invalid extension event 161
Xlib: ignoring invalid extension event 161
Xlib: ignoring invalid extension event 161
Xlib: ignoring invalid extension event 161
Xlib: ignoring invalid extension event 161
Xlib: ignoring invalid extension event 161
Xlib: ignoring invalid extension event 161
Xlib: ignoring invalid extension event 161
Xlib: ignoring invalid extension event 161
Xlib: ignoring invalid extension event 146
Xlib: ignoring invalid extension event 146
Xlib: ignoring invalid extension event 161
Xlib: ignoring invalid extension event 161
Xlib: ignoring invalid extension event 161
Xlib: ignoring invalid extension event 161
Xlib: ignoring invalid extension event 161
Xlib: ignoring invalid extension event 161
Xlib: ignoring invalid extension event 161
Xlib: ignoring invalid extension event 161
Xlib: ignoring invalid extension event 161
Xlib: ignoring invalid extension event 161
Xlib: ignoring invalid extension event 161
Xlib: ignoring invalid extension event 161
